# JRE version: OpenJDK Runtime Environment (8.0_112-b06) (build 1.8.0_112-release-b06)
# Java VM: OpenJDK 64-Bit Server VM (25.112-b06 mixed mode windows-amd64 compressed oops)
Heap:
 PSYoungGen      total 228864K, used 22643K [0x00000000e0000000, 0x00000000f0700000, 0x0000000100000000)
  eden space 219648K, 6% used [0x00000000e0000000,0x00000000e0d96870,0x00000000ed680000)
  from space 9216K, 94% used [0x00000000efe00000,0x00000000f06863b8,0x00000000f0700000)
  to   space 18432K, 0% used [0x00000000ee300000,0x00000000ee300000,0x00000000ef500000)
 ParOldGen       total 90112K, used 44392K [0x00000000a0000000, 0x00000000a5800000, 0x00000000e0000000)
  object space 90112K, 49% used [0x00000000a0000000,0x00000000a2b5a038,0x00000000a5800000)
 Metaspace       used 58591K, capacity 61150K, committed 61440K, reserved 1101824K
  class space    used 7835K, capacity 8382K, committed 8448K, reserved 1048576K
GC Heap History (10 events):
Event: 31.870 GC heap before
{Heap before GC invocations=13 (full 2):
 PSYoungGen      total 145408K, used 145030K [0x00000000e0000000, 0x00000000e9d00000, 0x0000000100000000)
  eden space 134656K, 100% used [0x00000000e0000000,0x00000000e8380000,0x00000000e8380000)
  from space 10752K, 96% used [0x00000000e9280000,0x00000000e9ca1b28,0x00000000e9d00000)
  to   space 12800K, 0% used [0x00000000e8400000,0x00000000e8400000,0x00000000e9080000)
 ParOldGen       total 47616K, used 17130K [0x00000000a0000000, 0x00000000a2e80000, 0x00000000e0000000)
  object space 47616K, 35% used [0x00000000a0000000,0x00000000a10baba0,0x00000000a2e80000)
 Metaspace       used 43779K, capacity 44774K, committed 44800K, reserved 1087488K
  class space    used 5832K, capacity 6119K, committed 6144K, reserved 1048576K
Event: 31.888 GC heap after
Heap after GC invocations=13 (full 2):
 PSYoungGen      total 147968K, used 6498K [0x00000000e0000000, 0x00000000ecb80000, 0x0000000100000000)
  eden space 135168K, 0% used [0x00000000e0000000,0x00000000e0000000,0x00000000e8400000)
  from space 12800K, 50% used [0x00000000e8400000,0x00000000e8a58bb8,0x00000000e9080000)
  to   space 12288K, 0% used [0x00000000ebf80000,0x00000000ebf80000,0x00000000ecb80000)
 ParOldGen       total 47616K, used 24591K [0x00000000a0000000, 0x00000000a2e80000, 0x00000000e0000000)
  object space 47616K, 51% used [0x00000000a0000000,0x00000000a1803d60,0x00000000a2e80000)
 Metaspace       used 43779K, capacity 44774K, committed 44800K, reserved 1087488K
  class space    used 5832K, capacity 6119K, committed 6144K, reserved 1048576K
}
Event: 34.913 GC heap before
{Heap before GC invocations=14 (full 2):
 PSYoungGen      total 147968K, used 141666K [0x00000000e0000000, 0x00000000ecb80000, 0x0000000100000000)
  eden space 135168K, 100% used [0x00000000e0000000,0x00000000e8400000,0x00000000e8400000)
  from space 12800K, 50% used [0x00000000e8400000,0x00000000e8a58bb8,0x00000000e9080000)
  to   space 12288K, 0% used [0x00000000ebf80000,0x00000000ebf80000,0x00000000ecb80000)
 ParOldGen       total 47616K, used 24591K [0x00000000a0000000, 0x00000000a2e80000, 0x00000000e0000000)
  object space 47616K, 51% used [0x00000000a0000000,0x00000000a1803d60,0x00000000a2e80000)
 Metaspace       used 48020K, capacity 49596K, committed 49920K, reserved 1091584K
  class space    used 6470K, capacity 6840K, committed 6912K, reserved 1048576K
Event: 34.929 GC heap after
Heap after GC invocations=14 (full 2):
 PSYoungGen      total 194048K, used 10794K [0x00000000e0000000, 0x00000000ecb80000, 0x0000000100000000)
  eden space 181760K, 0% used [0x00000000e0000000,0x00000000e0000000,0x00000000eb180000)
  from space 12288K, 87% used [0x00000000ebf80000,0x00000000eca0a958,0x00000000ecb80000)
  to   space 13312K, 0% used [0x00000000eb180000,0x00000000eb180000,0x00000000ebe80000)
 ParOldGen       total 47616K, used 26966K [0x00000000a0000000, 0x00000000a2e80000, 0x00000000e0000000)
  object space 47616K, 56% used [0x00000000a0000000,0x00000000a1a55990,0x00000000a2e80000)
 Metaspace       used 48020K, capacity 49596K, committed 49920K, reserved 1091584K
  class space    used 6470K, capacity 6840K, committed 6912K, reserved 1048576K
}
Event: 42.323 GC heap before
{Heap before GC invocations=15 (full 2):
 PSYoungGen      total 194048K, used 192554K [0x00000000e0000000, 0x00000000ecb80000, 0x0000000100000000)
  eden space 181760K, 100% used [0x00000000e0000000,0x00000000eb180000,0x00000000eb180000)
  from space 12288K, 87% used [0x00000000ebf80000,0x00000000eca0a958,0x00000000ecb80000)
  to   space 13312K, 0% used [0x00000000eb180000,0x00000000eb180000,0x00000000ebe80000)
 ParOldGen       total 47616K, used 26966K [0x00000000a0000000, 0x00000000a2e80000, 0x00000000e0000000)
  object space 47616K, 56% used [0x00000000a0000000,0x00000000a1a55990,0x00000000a2e80000)
 Metaspace       used 54194K, capacity 56442K, committed 56576K, reserved 1097728K
  class space    used 7340K, capacity 7826K, committed 7936K, reserved 1048576K
Event: 42.371 GC heap after
Heap after GC invocations=15 (full 2):
 PSYoungGen      total 195072K, used 13296K [0x00000000e0000000, 0x00000000f1100000, 0x0000000100000000)
  eden space 181760K, 0% used [0x00000000e0000000,0x00000000e0000000,0x00000000eb180000)
  from space 13312K, 99% used [0x00000000eb180000,0x00000000ebe7c030,0x00000000ebe80000)
  to   space 19456K, 0% used [0x00000000efe00000,0x00000000efe00000,0x00000000f1100000)
 ParOldGen       total 47616K, used 38971K [0x00000000a0000000, 0x00000000a2e80000, 0x00000000e0000000)
  object space 47616K, 81% used [0x00000000a0000000,0x00000000a260eed8,0x00000000a2e80000)
 Metaspace       used 54194K, capacity 56442K, committed 56576K, reserved 1097728K
  class space    used 7340K, capacity 7826K, committed 7936K, reserved 1048576K
}
Event: 42.371 GC heap before
{Heap before GC invocations=16 (full 3):
 PSYoungGen      total 195072K, used 13296K [0x00000000e0000000, 0x00000000f1100000, 0x0000000100000000)
  eden space 181760K, 0% used [0x00000000e0000000,0x00000000e0000000,0x00000000eb180000)
  from space 13312K, 99% used [0x00000000eb180000,0x00000000ebe7c030,0x00000000ebe80000)
  to   space 19456K, 0% used [0x00000000efe00000,0x00000000efe00000,0x00000000f1100000)
 ParOldGen       total 47616K, used 38971K [0x00000000a0000000, 0x00000000a2e80000, 0x00000000e0000000)
  object space 47616K, 81% used [0x00000000a0000000,0x00000000a260eed8,0x00000000a2e80000)
 Metaspace       used 54194K, capacity 56442K, committed 56576K, reserved 1097728K
  class space    used 7340K, capacity 7826K, committed 7936K, reserved 1048576K
Event: 42.718 GC heap after
Heap after GC invocations=16 (full 3):
 PSYoungGen      total 195072K, used 0K [0x00000000e0000000, 0x00000000f1100000, 0x0000000100000000)
  eden space 181760K, 0% used [0x00000000e0000000,0x00000000e0000000,0x00000000eb180000)
  from space 13312K, 0% used [0x00000000eb180000,0x00000000eb180000,0x00000000ebe80000)
  to   space 19456K, 0% used [0x00000000efe00000,0x00000000efe00000,0x00000000f1100000)
 ParOldGen       total 90112K, used 44384K [0x00000000a0000000, 0x00000000a5800000, 0x00000000e0000000)
  object space 90112K, 49% used [0x00000000a0000000,0x00000000a2b58038,0x00000000a5800000)
 Metaspace       used 54194K, capacity 56442K, committed 56576K, reserved 1097728K
  class space    used 7340K, capacity 7826K, committed 7936K, reserved 1048576K
}
Event: 200.367 GC heap before
{Heap before GC invocations=17 (full 3):
 PSYoungGen      total 195072K, used 181760K [0x00000000e0000000, 0x00000000f1100000, 0x0000000100000000)
  eden space 181760K, 100% used [0x00000000e0000000,0x00000000eb180000,0x00000000eb180000)
  from space 13312K, 0% used [0x00000000eb180000,0x00000000eb180000,0x00000000ebe80000)
  to   space 19456K, 0% used [0x00000000efe00000,0x00000000efe00000,0x00000000f1100000)
 ParOldGen       total 90112K, used 44384K [0x00000000a0000000, 0x00000000a5800000, 0x00000000e0000000)
  object space 90112K, 49% used [0x00000000a0000000,0x00000000a2b58038,0x00000000a5800000)
 Metaspace       used 58584K, capacity 61150K, committed 61440K, reserved 1101824K
  class space    used 7835K, capacity 8382K, committed 8448K, reserved 1048576K
Event: 200.384 GC heap after
Heap after GC invocations=17 (full 3):
 PSYoungGen      total 228864K, used 8728K [0x00000000e0000000, 0x00000000f0700000, 0x0000000100000000)
  eden space 219648K, 0% used [0x00000000e0000000,0x00000000e0000000,0x00000000ed680000)
  from space 9216K, 94% used [0x00000000efe00000,0x00000000f06863b8,0x00000000f0700000)
  to   space 18432K, 0% used [0x00000000ee300000,0x00000000ee300000,0x00000000ef500000)
 ParOldGen       total 90112K, used 44392K [0x00000000a0000000, 0x00000000a5800000, 0x00000000e0000000)
  object space 90112K, 49% used [0x00000000a0000000,0x00000000a2b5a038,0x00000000a5800000)
 Metaspace       used 58584K, capacity 61150K, committed 61440K, reserved 1101824K
  class space    used 7835K, capacity 8382K, committed 8448K, reserved 1048576K
}

